<?xml version="1.0" encoding="utf-8"?><testsuites name="pytest tests"><testsuite name="pytest" errors="0" failures="0" skipped="0" tests="19" time="3.387" timestamp="2026-04-18T14:01:07.176056+00:00" hostname="agent-env-36383644-9d54-43db-8258-6a48d665bef8"><testcase classname="backend.tests.test_new_features.TestLeaderboard" name="test_leaderboard_returns_ranked_classes" time="0.269" /><testcase classname="backend.tests.test_new_features.TestLeaderboard" name="test_leaderboard_contains_demo_classes" time="0.111" /><testcase classname="backend.tests.test_new_features.TestLeads" name="test_leads_returns_all_students" time="0.120" /><testcase classname="backend.tests.test_new_features.TestLeads" name="test_leads_filter_by_filiere" time="0.144" /><testcase classname="backend.tests.test_new_features.TestLeads" name="test_leads_filter_by_consent_diplomeo" time="0.121" /><testcase classname="backend.tests.test_new_features.TestLeads" name="test_leads_filter_by_min_stamps" time="0.130" /><testcase classname="backend.tests.test_new_features.TestLeads" name="test_leads_combined_filters" time="0.119" /><testcase classname="backend.tests.test_new_features.TestLeadsCsv" name="test_leads_csv_returns_csv_with_attachment_header" time="0.122" /><testcase classname="backend.tests.test_new_features.TestLeadsCsv" name="test_leads_csv_with_filters" time="0.107" /><testcase classname="backend.tests.test_new_features.TestAdminStats" name="test_admin_stats_returns_required_fields" time="0.104" /><testcase classname="backend.tests.test_new_features.TestAdminAllStudents" name="test_admin_all_students_returns_all_with_stamp_count" time="0.114" /><testcase classname="backend.tests.test_new_features.TestAdminAllClasses" name="test_admin_all_classes_returns_all_with_student_count" time="0.165" /><testcase classname="backend.tests.test_new_features.TestClassDeletion" name="test_delete_demo_class_prof2026_blocked" time="0.116" /><testcase classname="backend.tests.test_new_features.TestClassDeletion" name="test_delete_demo_class_prof2026b_blocked" time="0.126" /><testcase classname="backend.tests.test_new_features.TestClassDeletion" name="test_delete_non_demo_class_works" time="0.329" /><testcase classname="backend.tests.test_new_features.TestClassDeletion" name="test_delete_class_cascade_removes_students_and_stamps" time="0.548" /><testcase classname="backend.tests.test_new_features.TestEnrichedSeed" name="test_seed_has_all_demo_students" time="0.110" /><testcase classname="backend.tests.test_new_features.TestEnrichedSeed" name="test_seed_has_demo_classes" time="0.108" /><testcase classname="backend.tests.test_new_features.TestEnrichedSeed" name="test_seed_students_have_stamps" time="0.212" /></testsuite></testsuites>