<?xml version="1.0" encoding="utf-8"?><testsuites name="pytest tests"><testsuite name="pytest" errors="0" failures="0" skipped="0" tests="20" time="2.955" timestamp="2026-04-30T09:33:01.559401+00:00" hostname="agent-env-36383644-9d54-43db-8258-6a48d665bef8"><testcase classname="backend.tests.test_v3_scoring.TestSchoolsAndHalls" name="test_halls_returns_5_halls" time="0.134" /><testcase classname="backend.tests.test_v3_scoring.TestSchoolsAndHalls" name="test_schools_returns_39_schools" time="0.099" /><testcase classname="backend.tests.test_v3_scoring.TestSchoolsAndHalls" name="test_ingenierie_schools_include_expected" time="0.107" /><testcase classname="backend.tests.test_v3_scoring.TestScoreBreakdown" name="test_sarah_score_around_89" time="0.122" /><testcase classname="backend.tests.test_v3_scoring.TestScoreBreakdown" name="test_lucas_score_around_74" time="0.109" /><testcase classname="backend.tests.test_v3_scoring.TestScoreBreakdown" name="test_lea_low_score" time="0.113" /><testcase classname="backend.tests.test_v3_scoring.TestScoreBreakdown" name="test_score_breakdown_items_have_pts_and_max" time="0.099" /><testcase classname="backend.tests.test_v3_scoring.TestGatingRule" name="test_zero_stamps_score_zero" time="0.121" /><testcase classname="backend.tests.test_v3_scoring.TestTemperatureAndLeadValue" name="test_sarah_hot_lead" time="0.101" /><testcase classname="backend.tests.test_v3_scoring.TestTemperatureAndLeadValue" name="test_lucas_warm_lead" time="0.121" /><testcase classname="backend.tests.test_v3_scoring.TestTemperatureAndLeadValue" name="test_lea_non_qualified" time="0.106" /><testcase classname="backend.tests.test_v3_scoring.TestBadges" name="test_all_badges_defined" time="0.126" /><testcase classname="backend.tests.test_v3_scoring.TestBadges" name="test_sarah_badges" time="0.097" /><testcase classname="backend.tests.test_v3_scoring.TestBadges" name="test_lea_only_first_badge" time="0.118" /><testcase classname="backend.tests.test_v3_scoring.TestAnalyticsLeads" name="test_leads_have_score_breakdown" time="0.112" /><testcase classname="backend.tests.test_v3_scoring.TestAnalyticsLeads" name="test_leads_sorted_by_score" time="0.129" /><testcase classname="backend.tests.test_v3_scoring.TestRecoWhyTags" name="test_recos_have_why_tags" time="0.103" /><testcase classname="backend.tests.test_v3_scoring.TestRecoWhyTags" name="test_why_tags_include_filiere_bonus" time="0.117" /><testcase classname="backend.tests.test_v3_scoring.TestRecoWhyTags" name="test_anonymous_no_recos" time="0.099" /><testcase classname="backend.tests.test_v3_scoring.TestScoreProgression" name="test_score_ordering" time="0.754" /></testsuite></testsuites>