<?xml version="1.0" encoding="utf-8"?><testsuites name="pytest tests"><testsuite name="pytest" errors="0" failures="0" skipped="0" tests="25" time="4.365" timestamp="2026-04-17T07:35:07.545019+00:00" hostname="agent-env-36383644-9d54-43db-8258-6a48d665bef8"><testcase classname="tests.test_passport_api.TestHealthAndBasics" name="test_api_root" time="0.274" /><testcase classname="tests.test_passport_api.TestHalls" name="test_get_halls_returns_4" time="0.138" /><testcase classname="tests.test_passport_api.TestSchools" name="test_get_schools_returns_16" time="0.109" /><testcase classname="tests.test_passport_api.TestSchools" name="test_get_school_by_id" time="0.141" /><testcase classname="tests.test_passport_api.TestSchools" name="test_get_school_not_found" time="0.139" /><testcase classname="tests.test_passport_api.TestDemoStudents" name="test_get_demo_lucas" time="0.099" /><testcase classname="tests.test_passport_api.TestDemoStudents" name="test_get_demo_theo_anonymous" time="0.106" /><testcase classname="tests.test_passport_api.TestDemoStudents" name="test_get_student_not_found" time="0.142" /><testcase classname="tests.test_passport_api.TestClasses" name="test_get_demo_class" time="0.113" /><testcase classname="tests.test_passport_api.TestClasses" name="test_get_class_students" time="0.106" /><testcase classname="tests.test_passport_api.TestClasses" name="test_get_class_not_found" time="0.115" /><testcase classname="tests.test_passport_api.TestClasses" name="test_create_class" time="0.114" /><testcase classname="tests.test_passport_api.TestStudentCreation" name="test_create_student_valid_class_code" time="0.104" /><testcase classname="tests.test_passport_api.TestStudentCreation" name="test_create_student_invalid_class_code" time="0.108" /><testcase classname="tests.test_passport_api.TestStudentCreation" name="test_update_student_consents" time="0.218" /><testcase classname="tests.test_passport_api.TestStamps" name="test_create_stamp_with_qr_token" time="0.259" /><testcase classname="tests.test_passport_api.TestStamps" name="test_create_stamp_with_school_id_fallback" time="0.218" /><testcase classname="tests.test_passport_api.TestStamps" name="test_create_stamp_anonymous_forbidden" time="0.206" /><testcase classname="tests.test_passport_api.TestStamps" name="test_create_stamp_duplicate" time="0.311" /><testcase classname="tests.test_passport_api.TestStamps" name="test_list_stamps" time="0.265" /><testcase classname="tests.test_passport_api.TestStamps" name="test_delete_stamp" time="0.359" /><testcase classname="tests.test_passport_api.TestStamps" name="test_create_stamp_invalid_qr" time="0.219" /><testcase classname="tests.test_passport_api.TestRecap" name="test_recap_lucas" time="0.098" /><testcase classname="tests.test_passport_api.TestRecap" name="test_recap_anonymous_empty_recos" time="0.108" /><testcase classname="tests.test_passport_api.TestAnalytics" name="test_analytics_overview" time="0.107" /></testsuite></testsuites>